<?xml version="1.0" encoding="UTF-8"?>
<!-- Generated by org.testng.reporters.JUnitXMLReporter -->
<testsuite ignored="0" hostname="DESKTOP-N60DO5E" failures="0" tests="4" name="Default test" time="0.097" errors="0" timestamp="2024-05-23T13:06:11 IST">
  <testcase classname="testing.Test2" name="share" time="0.013"/>
  <testcase classname="testing.Test2" name="calls" time="0.002"/>
  <testcase classname="testing.Test2" name="settings" time="0.001"/>
  <testcase classname="testing.Test2" name="chats" time="0.003"/>
</testsuite> <!-- Default test -->
